<?xml version="1.0" encoding="UTF-8"?>
<!-- Generated by org.testng.reporters.JUnitXMLReporter -->
<testsuite ignored="0" hostname="LAPTOP-R11FF2KT" failures="1" tests="1" name="Test" time="22.959" errors="0" timestamp="2022-09-15T14:56:16 IST">
  <testcase classname="org.chorus.practice.SCreenShotPract" name="screenShot" time="0.016">
    <failure type="java.lang.AssertionError" message="null">
      <![CDATA[java.lang.AssertionError: null
at org.chorus.practice.SCreenShotPract.screenShot(SCreenShotPract.java:11)
at java.base/java.util.ArrayList.forEach(ArrayList.java:1511)
... Removed 27 stack frames]]>
    </failure>
  </testcase> <!-- screenShot -->
</testsuite> <!-- Test -->
