<?xml version="1.0" encoding="UTF-8"?>
<testng-results ignored="0" total="1" passed="1" failed="0" skipped="0">
  <reporter-output>
  </reporter-output>
  <suite started-at="2022-09-20T11:32:12 IST" name="Default suite" finished-at="2022-09-20T11:32:12 IST" duration-ms="64">
    <groups>
    </groups>
    <test started-at="2022-09-20T11:32:12 IST" name="Default test" finished-at="2022-09-20T11:32:12 IST" duration-ms="64">
      <class name="org.chorus.practice.MavenPract">
        <test-method signature="mavenPract()[pri:0, instance:org.chorus.practice.MavenPract@169e6180]" started-at="2022-09-20T11:32:12 IST" name="mavenPract" finished-at="2022-09-20T11:32:12 IST" duration-ms="17" status="PASS">
          <reporter-output>
          </reporter-output>
        </test-method> <!-- mavenPract -->
      </class> <!-- org.chorus.practice.MavenPract -->
    </test> <!-- Default test -->
  </suite> <!-- Default suite -->
</testng-results>
